<?xml version="1.0" encoding="UTF-8"?>
<testsuite name="WikiSearch" tests="1" skipped="0" failures="0" errors="0" timestamp="2019-09-21T13:01:15" hostname="LAPTOP-0PPAN3RT" time="1.269">
  <properties/>
  <testcase name="wikiSearch" classname="WikiSearch" time="1.269"/>
  <system-out><![CDATA[]]></system-out>
  <system-err><![CDATA[]]></system-err>
</testsuite>
