<?xml version="1.0" encoding="UTF-8"?>
<testsuite name="WikiSearch" tests="1" skipped="0" failures="0" errors="0" timestamp="2019-08-24T13:21:57" hostname="LAPTOP-0PPAN3RT" time="8.297">
  <properties/>
  <testcase name="wikiSearch" classname="WikiSearch" time="8.297"/>
  <system-out><![CDATA[]]></system-out>
  <system-err><![CDATA[Starting ChromeDriver 76.0.3809.68 (420c9498db8ce8fcd190a954d51297672c1515d5-refs/branch-heads/3809@{#864}) on port 17450
Only local connections are allowed.
Please protect ports used by ChromeDriver and related test frameworks to prevent access by malicious code.
авг 24, 2019 4:21:56 PM org.openqa.selenium.remote.ProtocolHandshake createSession
INFO: Detected dialect: W3C
]]></system-err>
</testsuite>
